<?xml version="1.0" encoding="UTF-8"?>
<!-- Generated by org.testng.reporters.JUnitReportReporter -->
<testsuite hostname="VN-TanTranDinh2" failures="0" tests="29" name="com.bankguru.account.NewCustomer" time="10.246" errors="0" timestamp="2023-08-21T17:03:37 ICT" skipped="0">
  <testcase classname="com.bankguru.account.NewCustomer" name="NC1_CustomerName_Is_Blank" time="1.178"/>
  <system-out>
    <![CDATA[[2023-08-21 17:03:06,905] NC1 01: Open New Customer Page
<br>
[2023-08-21 17:03:07,608] NC1 02: Enter to Customer Name ''
<br>
[2023-08-21 17:03:07,771] NC1 03: Press TAB to navigate next field
<br>
[2023-08-21 17:03:07,847] NC1 04: Verify error message is displayed
<br>]]>
  </system-out>
  <testcase classname="com.bankguru.account.NewCustomer" name="NC4_CustomerName_Is_First_Blank_Space" time="0.245"/>
  <system-out>
    <![CDATA[[2023-08-21 17:03:08,584] N4 01: Enter to Customer Name value ' dsdsdsdsdsd'
<br>
[2023-08-21 17:03:08,750] N4 02: Verify error message is displayed
<br>]]>
  </system-out>
  <testcase classname="com.bankguru.account.NewCustomer" name="NC6_Address_Is_First_Blank_Space" time="0.230"/>
  <system-out>
    <![CDATA[[2023-08-21 17:03:09,109] N6 01: Enter to Customer Name value ' dsdsdsdsdsd'
<br>
[2023-08-21 17:03:09,257] N6 02: Verify error message is displayed
<br>]]>
  </system-out>
  <testcase classname="com.bankguru.account.NewCustomer" name="NC2_CustomerName_Is_Number" time="0.239"/>
  <system-out>
    <![CDATA[[2023-08-21 17:03:08,107] NC2 01: Enter to Customer Name value 'Acc1234'
<br>
[2023-08-21 17:03:08,256] NC2 02: Verify error message is displayed
<br>]]>
  </system-out>
  <testcase classname="com.bankguru.account.NewCustomer" name="NC8_City_Is_First_Blank_Space" time="0.248"/>
  <system-out>
    <![CDATA[[2023-08-21 17:03:09,340] N8 01: Enter to City value ''
<br>
[2023-08-21 17:03:09,461] N8 02: Press tab to navigate next field
<br>
[2023-08-21 17:03:09,507] N8 03: Verify error message is displayed
<br>]]>
  </system-out>
  <testcase classname="com.bankguru.account.NewCustomer" name="NC3_CustomerName_Is_Character" time="0.234"/>
  <system-out>
    <![CDATA[[2023-08-21 17:03:08,349] NC3 01: Enter to Customer Name value '123123@##!'
<br>
[2023-08-21 17:03:08,500] NC3 02: Verify error message is displayed
<br>]]>
  </system-out>
  <testcase classname="com.bankguru.account.NewCustomer" name="NC5_Address_Is_Blank_Space" time="0.274"/>
  <system-out>
    <![CDATA[[2023-08-21 17:03:08,832] N5 01: Enter to Address value ''
<br>
[2023-08-21 17:03:08,981] N5 02: Press tab key to next field
<br>
[2023-08-21 17:03:09,024] N5 03: Verify error message is displayed
<br>]]>
  </system-out>
  <testcase classname="com.bankguru.account.NewCustomer" name="NC9_City_Is_Numeric" time="0.217"/>
  <system-out>
    <![CDATA[[2023-08-21 17:03:09,590] N9 01: Enter to City value '213123123'
<br>
[2023-08-21 17:03:09,723] N9 02: Verify error message is displayed
<br>]]>
  </system-out>
  <testcase classname="com.bankguru.account.NewCustomer" name="NC30_Verify_All_Field_Required" time="0.243"/>
  <system-out>
    <![CDATA[[2023-08-21 17:03:14,264] NC30 01: Click to Reset Button to clear all field
<br>
[2023-08-21 17:03:14,372] NC30 02: Click to Submit Button
<br>
[2023-08-21 17:03:14,481] NC30 03: Verify all field is required
<br>
[2023-08-21 17:03:14,487] NC30 04: Accept Alert
<br>]]>
  </system-out>
  <testcase classname="com.bankguru.account.NewCustomer" name="NC11_City_Is_First_Blank_Space" time="0.228"/>
  <system-out>
    <![CDATA[[2023-08-21 17:03:10,044] N11 01: Enter to City value ' dsdsdsdsdsd'
<br>
[2023-08-21 17:03:10,191] N11 02: Verify error message is displayed
<br>]]>
  </system-out>
  <testcase classname="com.bankguru.account.NewCustomer" name="NC26_Email_is_Empty" time="0.263"/>
  <system-out>
    <![CDATA[[2023-08-21 17:03:13,562] NC26 01: Enter to Email value ''
<br>
[2023-08-21 17:03:13,699] NC26 01: Press Tab to navigate next field
<br>
[2023-08-21 17:03:13,744] NC26 03: Verify error message is displayed
<br>]]>
  </system-out>
  <testcase classname="com.bankguru.account.NewCustomer" name="NC_31_Add_New_Customer" time="2.731"/>
  <system-out>
    <![CDATA[[2023-08-21 17:03:14,509] NC31 01: Enter to Customer Name value is: 'Freeman Lakin'
<br>
[2023-08-21 17:03:14,654] NC31 02: Select to Gender value is: 'Female'
<br>
[2023-08-21 17:03:14,777] NC31 23: Enter to Date of birth value is: 08
<br>
[2023-08-21 17:03:14,978] NC31 04: Enter to Address value is: '86728 Marquardt Locks'
<br>
[2023-08-21 17:03:15,124] NC31 05: Enter to City value is: 'East Marceloburgh'
<br>
[2023-08-21 17:03:15,263] NC31 06: Enter to State value is: 'New Mexico'
<br>
[2023-08-21 17:03:15,397] NC31 07: Enter to PIN value is: 123456
<br>
[2023-08-21 17:03:15,533] NC31 08: Enter to Mobile Phone Number value is: '6553504101'
<br>
[2023-08-21 17:03:15,673] NC31 09: Enter to Email value is: 'dudley.buckridge@hotmail.com'
<br>
[2023-08-21 17:03:15,836] NC31 10: Enter to Email value is: 'ic4brx72ikxwmo'
<br>
[2023-08-21 17:03:15,987] NC31 11: Click to submit button
<br>
[2023-08-21 17:03:17,135] NC31 12: Get Customer ID
<br>
[2023-08-21 17:03:17,238] NC31 13: Customer ID value is: 96530
<br>]]>
  </system-out>
  <testcase classname="com.bankguru.account.NewCustomer" name="NC10_City_Is_Special_Character" time="0.232"/>
  <system-out>
    <![CDATA[[2023-08-21 17:03:09,810] N10 01: Enter to City value '!@#@#!#@!#@#!@!#'
<br>
[2023-08-21 17:03:09,956] N10 02: Verify error message is displayed
<br>]]>
  </system-out>
  <testcase classname="com.bankguru.account.NewCustomer" name="NC24_Telephone_is_include_blank_space" time="0.218"/>
  <system-out>
    <![CDATA[[2023-08-21 17:03:13,110] NC24 01: Enter to Telephone value '12312 34435'
<br>
[2023-08-21 17:03:13,243] NC24 02: Verify error message is displayed
<br>]]>
  </system-out>
  <testcase classname="com.bankguru.account.NewCustomer" name="NC19_PIN_Cannot_Have_Special" time="0.213"/>
  <system-out>
    <![CDATA[[2023-08-21 17:03:11,999] N19 01: Enter to PIN value '123$$$$'
<br>
[2023-08-21 17:03:12,127] N19 02: Verify error message is displayed
<br>]]>
  </system-out>
  <testcase classname="com.bankguru.account.NewCustomer" name="NC12_State_Is_Empty" time="0.262"/>
  <system-out>
    <![CDATA[[2023-08-21 17:03:10,274] N12 01: Enter to State value ''
<br>
[2023-08-21 17:03:10,410] N12 02: Press tab to navigate next field
<br>
[2023-08-21 17:03:10,457] N12 03: Verify error message is displayed
<br>]]>
  </system-out>
  <testcase classname="com.bankguru.account.NewCustomer" name="NC29_Email_Have_Space" time="0.218"/>
  <system-out>
    <![CDATA[[2023-08-21 17:03:14,044] NC29 01: Enter to Email value ' asdasdasdasd'
<br>
[2023-08-21 17:03:14,177] NC29 02: Verify error message is displayed
<br>]]>
  </system-out>
  <testcase classname="com.bankguru.account.NewCustomer" name="NC23_Telephone_first_character_is_blank" time="0.229"/>
  <system-out>
    <![CDATA[[2023-08-21 17:03:12,879] NC23 01: Enter to PIN value ' sadsfsdfsdfsdf'
<br>
[2023-08-21 17:03:13,022] NC23 02: Verify error message is displayed
<br>]]>
  </system-out>
  <testcase classname="com.bankguru.account.NewCustomer" name="NC13_State_Is_Numeric" time="0.282"/>
  <system-out>
    <![CDATA[[2023-08-21 17:03:10,538] N13 01: Enter to State value '123123123123'
<br>
[2023-08-21 17:03:10,730] N13 02: Verify error message is displayed
<br>]]>
  </system-out>
  <testcase classname="com.bankguru.account.NewCustomer" name="NC16_Pin_Is_Empty" time="0.274"/>
  <system-out>
    <![CDATA[[2023-08-21 17:03:11,274] N16 01: Enter to PIN value ''
<br>
[2023-08-21 17:03:11,422] N16 02: Press Tab to navigate next field
<br>
[2023-08-21 17:03:11,470] N16 02: Verify error message is displayed
<br>]]>
  </system-out>
  <testcase classname="com.bankguru.account.NewCustomer" name="NC17_Pin_Is_Numeric" time="0.215"/>
  <system-out>
    <![CDATA[[2023-08-21 17:03:11,550] N17 01: Enter to PIN value '123PIN'
<br>
[2023-08-21 17:03:11,679] N17 02: Verify error message is displayed
<br>]]>
  </system-out>
  <testcase classname="com.bankguru.account.NewCustomer" name="NC14_State_Is_Special" time="0.232"/>
  <system-out>
    <![CDATA[[2023-08-21 17:03:10,821] N14 01: Enter to State value '@&*!#^&*@!#^&'
<br>
[2023-08-21 17:03:10,966] N14 02: Verify error message is displayed
<br>]]>
  </system-out>
  <testcase classname="com.bankguru.account.NewCustomer" name="NC25_Telephone_is_special_character" time="0.223"/>
  <system-out>
    <![CDATA[[2023-08-21 17:03:13,336] NC25 01: Enter to Telephone value '13123@##'
<br>
[2023-08-21 17:03:13,472] NC25 02: Verify error message is displayed
<br>]]>
  </system-out>
  <testcase classname="com.bankguru.account.NewCustomer" name="NC15_City_Is_First_Blank_Space" time="0.217"/>
  <system-out>
    <![CDATA[[2023-08-21 17:03:11,055] N15 01: Enter to State value ' dsdsdsdsdsd'
<br>
[2023-08-21 17:03:11,187] N15 02: Verify error message is displayed
<br>]]>
  </system-out>
  <testcase classname="com.bankguru.account.NewCustomer" name="NC22_Telephone_Is_Empty" time="0.260"/>
  <system-out>
    <![CDATA[[2023-08-21 17:03:12,616] NC22 01: Enter to Telephone value ''
<br>
[2023-08-21 17:03:12,751] NC22 02: Press Tab to navigate next field
<br>
[2023-08-21 17:03:12,801] NC22 03: Verify error message is displayed
<br>]]>
  </system-out>
  <testcase classname="com.bankguru.account.NewCustomer" name="NC18_PIN_Must_Have_6_Digits" time="0.226"/>
  <system-out>
    <![CDATA[[2023-08-21 17:03:11,771] N18 01: Enter to PIN value '12345'
<br>
[2023-08-21 17:03:11,908] N18 02: Verify error message is displayed
<br>]]>
  </system-out>
  <testcase classname="com.bankguru.account.NewCustomer" name="NC27_Email_Is_Incorrect_Format" time="0.216"/>
  <system-out>
    <![CDATA[[2023-08-21 17:03:13,827] NC27 01: Enter to Email value '13123@##'
<br>
[2023-08-21 17:03:13,957] NC27 02: Verify error message is displayed
<br>]]>
  </system-out>
  <testcase classname="com.bankguru.account.NewCustomer" name="NC20_Pin_Have_First_Blank_Space" time="0.216"/>
  <system-out>
    <![CDATA[[2023-08-21 17:03:12,214] NC20 01: Enter to PIN value ' sadsadsad'
<br>
[2023-08-21 17:03:12,342] NC20 02: Verify error message is displayed
<br>]]>
  </system-out>
  <testcase classname="com.bankguru.account.NewCustomer" name="NC21_Pin_Have_Blank_Space" time="0.183"/>
  <system-out>
    <![CDATA[[2023-08-21 17:03:12,432] NC21 01: Enter to PIN value '23 454'
<br>
[2023-08-21 17:03:12,555] NC21 02: Verify error message is displayed
<br>]]>
  </system-out>
</testsuite> <!-- com.bankguru.account.NewCustomer -->
