<?xml version="1.0" encoding="UTF-8"?>
<!-- Generated by org.testng.reporters.JUnitReportReporter -->
<testsuite hostname="VN-TanTranDinh2" failures="0" tests="28" name="com.newaccount.NewAccount" time="7.804" errors="0" timestamp="2023-08-21T09:16:10 ICT" skipped="0">
  <testcase classname="com.newaccount.NewAccount" name="NC5_Address_Is_Blank_Space" time="0.262"/>
  <system-out>
    <![CDATA[[2023-08-21 09:16:04,242] N5 01: Enter to Address value ''
<br>
[2023-08-21 09:16:04,379] N5 02: Press tab key to next field
<br>
[2023-08-21 09:16:04,428] N5 03: Verify error message is displayed
<br>]]>
  </system-out>
  <testcase classname="com.newaccount.NewAccount" name="NC8_City_Is_First_Blank_Space" time="0.261"/>
  <system-out>
    <![CDATA[[2023-08-21 09:16:04,737] N8 01: Enter to City value ''
<br>
[2023-08-21 09:16:04,871] N8 02: Press tab to navigate next field
<br>
[2023-08-21 09:16:04,919] N8 03: Verify error message is displayed
<br>]]>
  </system-out>
  <testcase classname="com.newaccount.NewAccount" name="NC6_Address_Is_First_Blank_Space" time="0.229"/>
  <system-out>
    <![CDATA[[2023-08-21 09:16:04,506] N6 01: Enter to Customer Name value ' dsdsdsdsdsd'
<br>
[2023-08-21 09:16:04,658] N6 02: Verify error message is displayed
<br>]]>
  </system-out>
  <testcase classname="com.newaccount.NewAccount" name="NC1_CustomerName_Is_Blank" time="1.128"/>
  <system-out>
    <![CDATA[[2023-08-21 09:16:02,329] NC1 01: Open New Customer Page
<br>
[2023-08-21 09:16:02,962] NC1 02: Enter to Customer Name ''
<br>
[2023-08-21 09:16:03,135] NC1 03: Press TAB to navigate next field
<br>
[2023-08-21 09:16:03,208] NC1 04: Verify error message is displayed
<br>]]>
  </system-out>
  <testcase classname="com.newaccount.NewAccount" name="NC2_CustomerName_Is_Number" time="0.264"/>
  <system-out>
    <![CDATA[[2023-08-21 09:16:03,482] NC2 01: Enter to Customer Name value 'Acc1234'
<br>
[2023-08-21 09:16:03,669] NC2 02: Verify error message is displayed
<br>]]>
  </system-out>
  <testcase classname="com.newaccount.NewAccount" name="NC9_City_Is_Numeric" time="0.215"/>
  <system-out>
    <![CDATA[[2023-08-21 09:16:05,000] N9 01: Enter to City value '213123123'
<br>
[2023-08-21 09:16:05,135] N9 02: Verify error message is displayed
<br>]]>
  </system-out>
  <testcase classname="com.newaccount.NewAccount" name="NC3_CustomerName_Is_Character" time="0.245"/>
  <system-out>
    <![CDATA[[2023-08-21 09:16:03,749] NC3 01: Enter to Customer Name value '123123@##!'
<br>
[2023-08-21 09:16:03,910] NC3 02: Verify error message is displayed
<br>]]>
  </system-out>
  <testcase classname="com.newaccount.NewAccount" name="NC4_CustomerName_Is_First_Blank_Space" time="0.242"/>
  <system-out>
    <![CDATA[[2023-08-21 09:16:03,997] N4 01: Enter to Customer Name value ' dsdsdsdsdsd'
<br>
[2023-08-21 09:16:04,160] N4 02: Verify error message is displayed
<br>]]>
  </system-out>
  <testcase classname="com.newaccount.NewAccount" name="NC27_Email_Is_Incorrect_Format" time="0.216"/>
  <system-out>
    <![CDATA[[2023-08-21 09:16:09,423] NC27 01: Enter to Email value '13123@##'
<br>
[2023-08-21 09:16:09,556] NC27 02: Verify error message is displayed
<br>]]>
  </system-out>
  <testcase classname="com.newaccount.NewAccount" name="NC29_Email_Have_Space" time="0.254"/>
  <system-out>
    <![CDATA[[2023-08-21 09:16:09,640] NC29 01: Enter to Email value ' asdasdasdasd'
<br>
[2023-08-21 09:16:09,774] NC29 02: Verify error message is displayed
<br>]]>
  </system-out>
  <testcase classname="com.newaccount.NewAccount" name="NC16_Pin_Is_Empty" time="0.312"/>
  <system-out>
    <![CDATA[[2023-08-21 09:16:06,634] N16 01: Enter to PIN value ''
<br>
[2023-08-21 09:16:06,819] N16 02: Press Tab to navigate next field
<br>
[2023-08-21 09:16:06,868] N16 02: Verify error message is displayed
<br>]]>
  </system-out>
  <testcase classname="com.newaccount.NewAccount" name="NC20_Pin_Have_First_Blank_Space" time="0.225"/>
  <system-out>
    <![CDATA[[2023-08-21 09:16:07,739] NC20 01: Enter to PIN value ' sadsadsad'
<br>
[2023-08-21 09:16:07,881] NC20 02: Verify error message is displayed
<br>]]>
  </system-out>
  <testcase classname="com.newaccount.NewAccount" name="NC13_State_Is_Numeric" time="0.214"/>
  <system-out>
    <![CDATA[[2023-08-21 09:16:05,965] N13 01: Enter to State value '123123123123'
<br>
[2023-08-21 09:16:06,099] N13 02: Verify error message is displayed
<br>]]>
  </system-out>
  <testcase classname="com.newaccount.NewAccount" name="NC18_PIN_Must_Have_6_Digits" time="0.223"/>
  <system-out>
    <![CDATA[[2023-08-21 09:16:07,185] N18 01: Enter to PIN value '12345'
<br>
[2023-08-21 09:16:07,321] N18 02: Verify error message is displayed
<br>]]>
  </system-out>
  <testcase classname="com.newaccount.NewAccount" name="NC21_Pin_Have_Blank_Space" time="0.186"/>
  <system-out>
    <![CDATA[[2023-08-21 09:16:07,966] NC21 01: Enter to PIN value '23 454'
<br>
[2023-08-21 09:16:08,092] NC21 02: Verify error message is displayed
<br>]]>
  </system-out>
  <testcase classname="com.newaccount.NewAccount" name="NC30_Email_is_Empty" time="0.322"/>
  <system-out>
    <![CDATA[[2023-08-21 09:16:09,899] NC30 01: Click to Reset Button to clear all field
<br>
[2023-08-21 09:16:10,102] NC30 02: Click to Submit Button
<br>
[2023-08-21 09:16:10,210] NC30 03: Verify all field is required
<br>]]>
  </system-out>
  <testcase classname="com.newaccount.NewAccount" name="NC15_City_Is_First_Blank_Space" time="0.218"/>
  <system-out>
    <![CDATA[[2023-08-21 09:16:06,415] N15 01: Enter to State value ' dsdsdsdsdsd'
<br>
[2023-08-21 09:16:06,549] N15 02: Verify error message is displayed
<br>]]>
  </system-out>
  <testcase classname="com.newaccount.NewAccount" name="NC23_Telephone_first_character_is_blank" time="0.231"/>
  <system-out>
    <![CDATA[[2023-08-21 09:16:08,416] NC23 01: Enter to PIN value ' sadsfsdfsdfsdf'
<br>
[2023-08-21 09:16:08,558] NC23 02: Verify error message is displayed
<br>]]>
  </system-out>
  <testcase classname="com.newaccount.NewAccount" name="NC10_City_Is_Special_Character" time="0.273"/>
  <system-out>
    <![CDATA[[2023-08-21 09:16:05,218] N10 01: Enter to City value '!@#@#!#@!#@#!@!#'
<br>
[2023-08-21 09:16:05,412] N10 02: Verify error message is displayed
<br>]]>
  </system-out>
  <testcase classname="com.newaccount.NewAccount" name="NC24_Telephone_is_include_blank_space" time="0.258"/>
  <system-out>
    <![CDATA[[2023-08-21 09:16:08,649] NC24 01: Enter to Telephone value '12312 34435'
<br>
[2023-08-21 09:16:08,842] NC24 02: Verify error message is displayed
<br>]]>
  </system-out>
  <testcase classname="com.newaccount.NewAccount" name="NC26_Email_is_Empty" time="0.269"/>
  <system-out>
    <![CDATA[[2023-08-21 09:16:09,155] NC26 01: Enter to Email value ''
<br>
[2023-08-21 09:16:09,293] NC26 01: Press Tab to navigate next field
<br>
[2023-08-21 09:16:09,343] NC26 03: Verify error message is displayed
<br>]]>
  </system-out>
  <testcase classname="com.newaccount.NewAccount" name="NC17_Pin_Is_Numeric" time="0.230"/>
  <system-out>
    <![CDATA[[2023-08-21 09:16:06,949] N17 01: Enter to PIN value '123PIN'
<br>
[2023-08-21 09:16:07,094] N17 02: Verify error message is displayed
<br>]]>
  </system-out>
  <testcase classname="com.newaccount.NewAccount" name="NC22_Telephone_Is_Empty" time="0.261"/>
  <system-out>
    <![CDATA[[2023-08-21 09:16:08,153] NC22 01: Enter to Telephone value ''
<br>
[2023-08-21 09:16:08,291] NC22 02: Press Tab to navigate next field
<br>
[2023-08-21 09:16:08,337] NC22 03: Verify error message is displayed
<br>]]>
  </system-out>
  <testcase classname="com.newaccount.NewAccount" name="NC11_City_Is_First_Blank_Space" time="0.219"/>
  <system-out>
    <![CDATA[[2023-08-21 09:16:05,494] N11 01: Enter to City value ' dsdsdsdsdsd'
<br>
[2023-08-21 09:16:05,629] N11 02: Verify error message is displayed
<br>]]>
  </system-out>
  <testcase classname="com.newaccount.NewAccount" name="NC14_State_Is_Special" time="0.233"/>
  <system-out>
    <![CDATA[[2023-08-21 09:16:06,180] N14 01: Enter to State value '@&*!#^&*@!#^&'
<br>
[2023-08-21 09:16:06,325] N14 02: Verify error message is displayed
<br>]]>
  </system-out>
  <testcase classname="com.newaccount.NewAccount" name="NC12_State_Is_Empty" time="0.248"/>
  <system-out>
    <![CDATA[[2023-08-21 09:16:05,715] N12 01: Enter to State value ''
<br>
[2023-08-21 09:16:05,836] N12 02: Press tab to navigate next field
<br>
[2023-08-21 09:16:05,884] N12 03: Verify error message is displayed
<br>]]>
  </system-out>
  <testcase classname="com.newaccount.NewAccount" name="NC19_PIN_Cannot_Have_Special" time="0.327"/>
  <system-out>
    <![CDATA[[2023-08-21 09:16:07,410] N19 01: Enter to PIN value '123$$$$'
<br>
[2023-08-21 09:16:07,628] N19 02: Verify error message is displayed
<br>]]>
  </system-out>
  <testcase classname="com.newaccount.NewAccount" name="NC25_Telephone_is_special_character" time="0.239"/>
  <system-out>
    <![CDATA[[2023-08-21 09:16:08,909] NC25 01: Enter to Telephone value '13123@##'
<br>
[2023-08-21 09:16:09,035] NC25 02: Verify error message is displayed
<br>]]>
  </system-out>
</testsuite> <!-- com.newaccount.NewAccount -->
