<?xml version="1.0" encoding="UTF-8"?>
<!-- Generated by org.testng.reporters.JUnitReportReporter -->
<testsuite hostname="DESKTOP-Q3VM3NF" failures="0" tests="28" name="com.newaccount.NewAccount" time="18.150" errors="0" timestamp="2023-08-21T07:56:57 ICT" skipped="0">
  <testcase classname="com.newaccount.NewAccount" name="NC8_City_Is_First_Blank_Space" time="0.201">
    <system-out>
      <![CDATA[[2023-08-21 07:56:52,619] N8 01: Enter to City value ''
<br>
[2023-08-21 07:56:52,733] N8 02: Press tab to navigate next field
<br>
[2023-08-21 07:56:52,765] N8 03: Verify error message is displayed
<br>]]>
    </system-out>
  </testcase> <!-- NC8_City_Is_First_Blank_Space -->
  <testcase classname="com.newaccount.NewAccount" name="NC4_CustomerName_Is_First_Blank_Space" time="0.186">
    <system-out>
      <![CDATA[[2023-08-21 07:56:52,025] N4 01: Enter to Customer Name value ' dsdsdsdsdsd'
<br>
[2023-08-21 07:56:52,150] N4 02: Verify error message is displayed
<br>]]>
    </system-out>
  </testcase> <!-- NC4_CustomerName_Is_First_Blank_Space -->
  <testcase classname="com.newaccount.NewAccount" name="NC6_Address_Is_First_Blank_Space" time="0.200">
    <system-out>
      <![CDATA[[2023-08-21 07:56:52,418] N6 01: Enter to Customer Name value ' dsdsdsdsdsd'
<br>
[2023-08-21 07:56:52,548] N6 02: Verify error message is displayed
<br>]]>
    </system-out>
  </testcase> <!-- NC6_Address_Is_First_Blank_Space -->
  <testcase classname="com.newaccount.NewAccount" name="NC2_CustomerName_Is_Number" time="0.156">
    <system-out>
      <![CDATA[[2023-08-21 07:56:51,709] NC2 01: Enter to Customer Name value 'Acc1234'
<br>
[2023-08-21 07:56:51,806] NC2 02: Verify error message is displayed
<br>]]>
    </system-out>
  </testcase> <!-- NC2_CustomerName_Is_Number -->
  <testcase classname="com.newaccount.NewAccount" name="NC9_City_Is_Numeric" time="0.182">
    <system-out>
      <![CDATA[[2023-08-21 07:56:52,823] N9 01: Enter to City value '213123123'
<br>
[2023-08-21 07:56:52,937] N9 02: Verify error message is displayed
<br>]]>
    </system-out>
  </testcase> <!-- NC9_City_Is_Numeric -->
  <testcase classname="com.newaccount.NewAccount" name="NC5_Address_Is_Blank_Space" time="0.201">
    <system-out>
      <![CDATA[[2023-08-21 07:56:52,215] N5 01: Enter to Address value ''
<br>
[2023-08-21 07:56:52,318] N5 02: Press tab key to next field
<br>
[2023-08-21 07:56:52,357] N5 03: Verify error message is displayed
<br>]]>
    </system-out>
  </testcase> <!-- NC5_Address_Is_Blank_Space -->
  <testcase classname="com.newaccount.NewAccount" name="NC1_CustomerName_Is_Blank" time="13.097">
    <system-out>
      <![CDATA[[2023-08-21 07:56:38,590] NC1 01: Open New Customer Page
<br>
[2023-08-21 07:56:38,679] NC1 02: Enter to Customer Name ''
<br>
[2023-08-21 07:56:51,561] NC1 03: Press TAB to navigate next field
<br>
[2023-08-21 07:56:51,593] NC1 04: Verify error message is displayed
<br>]]>
    </system-out>
  </testcase> <!-- NC1_CustomerName_Is_Blank -->
  <testcase classname="com.newaccount.NewAccount" name="NC3_CustomerName_Is_Character" time="0.157">
    <system-out>
      <![CDATA[[2023-08-21 07:56:51,868] NC3 01: Enter to Customer Name value '123123@##!'
<br>
[2023-08-21 07:56:51,962] NC3 02: Verify error message is displayed
<br>]]>
    </system-out>
  </testcase> <!-- NC3_CustomerName_Is_Character -->
  <testcase classname="com.newaccount.NewAccount" name="NC15_City_Is_First_Blank_Space" time="0.189">
    <system-out>
      <![CDATA[[2023-08-21 07:56:53,973] N15 01: Enter to State value ' dsdsdsdsdsd'
<br>
[2023-08-21 07:56:54,094] N15 02: Verify error message is displayed
<br>]]>
    </system-out>
  </testcase> <!-- NC15_City_Is_First_Blank_Space -->
  <testcase classname="com.newaccount.NewAccount" name="NC30_Email_is_Empty" time="0.169">
    <system-out>
      <![CDATA[[2023-08-21 07:56:56,640] NC30 01: Click to Reset Button to clear all field
<br>
[2023-08-21 07:56:56,713] NC30 02: Click to Submit Button
<br>
[2023-08-21 07:56:56,802] NC30 03: Verify all field is required
<br>]]>
    </system-out>
  </testcase> <!-- NC30_Email_is_Empty -->
  <testcase classname="com.newaccount.NewAccount" name="NC19_PIN_Cannot_Have_Special" time="0.183">
    <system-out>
      <![CDATA[[2023-08-21 07:56:54,684] N19 01: Enter to PIN value '123$$$$'
<br>
[2023-08-21 07:56:54,800] N19 02: Verify error message is displayed
<br>]]>
    </system-out>
  </testcase> <!-- NC19_PIN_Cannot_Have_Special -->
  <testcase classname="com.newaccount.NewAccount" name="NC21_Pin_Have_Blank_Space" time="0.185">
    <system-out>
      <![CDATA[[2023-08-21 07:56:55,058] NC21 01: Enter to PIN value '23 454'
<br>
[2023-08-21 07:56:55,180] NC21 02: Verify error message is displayed
<br>]]>
    </system-out>
  </testcase> <!-- NC21_Pin_Have_Blank_Space -->
  <testcase classname="com.newaccount.NewAccount" name="NC17_Pin_Is_Numeric" time="0.151">
    <system-out>
      <![CDATA[[2023-08-21 07:56:54,361] N17 01: Enter to PIN value '123PIN'
<br>
[2023-08-21 07:56:54,454] N17 02: Verify error message is displayed
<br>]]>
    </system-out>
  </testcase> <!-- NC17_Pin_Is_Numeric -->
  <testcase classname="com.newaccount.NewAccount" name="NC11_City_Is_First_Blank_Space" time="0.185">
    <system-out>
      <![CDATA[[2023-08-21 07:56:53,179] N11 01: Enter to City value ' dsdsdsdsdsd'
<br>
[2023-08-21 07:56:53,296] N11 02: Verify error message is displayed
<br>]]>
    </system-out>
  </testcase> <!-- NC11_City_Is_First_Blank_Space -->
  <testcase classname="com.newaccount.NewAccount" name="NC25_Telephone_is_special_character" time="0.182">
    <system-out>
      <![CDATA[[2023-08-21 07:56:55,876] NC25 01: Enter to Telephone value '13123@##'
<br>
[2023-08-21 07:56:55,992] NC25 02: Verify error message is displayed
<br>]]>
    </system-out>
  </testcase> <!-- NC25_Telephone_is_special_character -->
  <testcase classname="com.newaccount.NewAccount" name="NC27_Email_Is_Incorrect_Format" time="0.199">
    <system-out>
      <![CDATA[[2023-08-21 07:56:56,268] NC27 01: Enter to Email value '13123@##'
<br>
[2023-08-21 07:56:56,399] NC27 02: Verify error message is displayed
<br>]]>
    </system-out>
  </testcase> <!-- NC27_Email_Is_Incorrect_Format -->
  <testcase classname="com.newaccount.NewAccount" name="NC20_Pin_Have_First_Blank_Space" time="0.188">
    <system-out>
      <![CDATA[[2023-08-21 07:56:54,867] NC20 01: Enter to PIN value ' sadsadsad'
<br>
[2023-08-21 07:56:54,987] NC20 02: Verify error message is displayed
<br>]]>
    </system-out>
  </testcase> <!-- NC20_Pin_Have_First_Blank_Space -->
  <testcase classname="com.newaccount.NewAccount" name="NC13_State_Is_Numeric" time="0.179">
    <system-out>
      <![CDATA[[2023-08-21 07:56:53,600] N13 01: Enter to State value '123123123123'
<br>
[2023-08-21 07:56:53,718] N13 02: Verify error message is displayed
<br>]]>
    </system-out>
  </testcase> <!-- NC13_State_Is_Numeric -->
  <testcase classname="com.newaccount.NewAccount" name="NC10_City_Is_Special_Character" time="0.171">
    <system-out>
      <![CDATA[[2023-08-21 07:56:53,005] N10 01: Enter to City value '!@#@#!#@!#@#!@!#'
<br>
[2023-08-21 07:56:53,107] N10 02: Verify error message is displayed
<br>]]>
    </system-out>
  </testcase> <!-- NC10_City_Is_Special_Character -->
  <testcase classname="com.newaccount.NewAccount" name="NC16_Pin_Is_Empty" time="0.195">
    <system-out>
      <![CDATA[[2023-08-21 07:56:54,167] N16 01: Enter to PIN value ''
<br>
[2023-08-21 07:56:54,263] N16 02: Press Tab to navigate next field
<br>
[2023-08-21 07:56:54,303] N16 02: Verify error message is displayed
<br>]]>
    </system-out>
  </testcase> <!-- NC16_Pin_Is_Empty -->
  <testcase classname="com.newaccount.NewAccount" name="NC23_Telephone_first_character_is_blank" time="0.209">
    <system-out>
      <![CDATA[[2023-08-21 07:56:55,479] NC23 01: Enter to PIN value ' sadsfsdfsdfsdf'
<br>
[2023-08-21 07:56:55,604] NC23 02: Verify error message is displayed
<br>]]>
    </system-out>
  </testcase> <!-- NC23_Telephone_first_character_is_blank -->
  <testcase classname="com.newaccount.NewAccount" name="NC24_Telephone_is_include_blank_space" time="0.187">
    <system-out>
      <![CDATA[[2023-08-21 07:56:55,687] NC24 01: Enter to Telephone value '12312 34435'
<br>
[2023-08-21 07:56:55,808] NC24 02: Verify error message is displayed
<br>]]>
    </system-out>
  </testcase> <!-- NC24_Telephone_is_include_blank_space -->
  <testcase classname="com.newaccount.NewAccount" name="NC22_Telephone_Is_Empty" time="0.231">
    <system-out>
      <![CDATA[[2023-08-21 07:56:55,243] NC22 01: Enter to Telephone value ''
<br>
[2023-08-21 07:56:55,358] NC22 02: Press Tab to navigate next field
<br>
[2023-08-21 07:56:55,406] NC22 03: Verify error message is displayed
<br>]]>
    </system-out>
  </testcase> <!-- NC22_Telephone_Is_Empty -->
  <testcase classname="com.newaccount.NewAccount" name="NC18_PIN_Must_Have_6_Digits" time="0.165">
    <system-out>
      <![CDATA[[2023-08-21 07:56:54,518] N18 01: Enter to PIN value '12345'
<br>
[2023-08-21 07:56:54,623] N18 02: Verify error message is displayed
<br>]]>
    </system-out>
  </testcase> <!-- NC18_PIN_Must_Have_6_Digits -->
  <testcase classname="com.newaccount.NewAccount" name="NC12_State_Is_Empty" time="0.232">
    <system-out>
      <![CDATA[[2023-08-21 07:56:53,367] N12 01: Enter to State value ''
<br>
[2023-08-21 07:56:53,485] N12 02: Press tab to navigate next field
<br>
[2023-08-21 07:56:53,529] N12 03: Verify error message is displayed
<br>]]>
    </system-out>
  </testcase> <!-- NC12_State_Is_Empty -->
  <testcase classname="com.newaccount.NewAccount" name="NC29_Email_Have_Space" time="0.172">
    <system-out>
      <![CDATA[[2023-08-21 07:56:56,467] NC29 01: Enter to Email value ' asdasdasdasd'
<br>
[2023-08-21 07:56:56,575] NC29 02: Verify error message is displayed
<br>]]>
    </system-out>
  </testcase> <!-- NC29_Email_Have_Space -->
  <testcase classname="com.newaccount.NewAccount" name="NC14_State_Is_Special" time="0.193">
    <system-out>
      <![CDATA[[2023-08-21 07:56:53,781] N14 01: Enter to State value '@&*!#^&*@!#^&'
<br>
[2023-08-21 07:56:53,908] N14 02: Verify error message is displayed
<br>]]>
    </system-out>
  </testcase> <!-- NC14_State_Is_Special -->
  <testcase classname="com.newaccount.NewAccount" name="NC26_Email_is_Empty" time="0.205">
    <system-out>
      <![CDATA[[2023-08-21 07:56:56,059] NC26 01: Enter to Email value ''
<br>
[2023-08-21 07:56:56,147] NC26 01: Press Tab to navigate next field
<br>
[2023-08-21 07:56:56,197] NC26 03: Verify error message is displayed
<br>]]>
    </system-out>
  </testcase> <!-- NC26_Email_is_Empty -->
  <system-out>
    <![CDATA[[2023-08-21 07:55:11,182] Step 01 - Open URL 'https://demo.guru99.com/v4/'
<br>
[2023-08-21 07:56:23,656] Step 02 - Input to USERID value mngr522589
<br>
[2023-08-21 07:56:23,798] Step 03 - Input to Password value epEhEgY
<br>
[2023-08-21 07:56:23,904] Step 04 - Click to login button
<br>
[2023-08-21 07:56:38,478] Verify Login successfully
<br>
[2023-08-21 07:56:38,590] NC1 01: Open New Customer Page
<br>
[2023-08-21 07:56:38,679] NC1 02: Enter to Customer Name ''
<br>
[2023-08-21 07:56:51,561] NC1 03: Press TAB to navigate next field
<br>
[2023-08-21 07:56:51,593] NC1 04: Verify error message is displayed
<br>
[2023-08-21 07:56:51,709] NC2 01: Enter to Customer Name value 'Acc1234'
<br>
[2023-08-21 07:56:51,806] NC2 02: Verify error message is displayed
<br>
[2023-08-21 07:56:51,868] NC3 01: Enter to Customer Name value '123123@##!'
<br>
[2023-08-21 07:56:51,962] NC3 02: Verify error message is displayed
<br>
[2023-08-21 07:56:52,025] N4 01: Enter to Customer Name value ' dsdsdsdsdsd'
<br>
[2023-08-21 07:56:52,150] N4 02: Verify error message is displayed
<br>
[2023-08-21 07:56:52,215] N5 01: Enter to Address value ''
<br>
[2023-08-21 07:56:52,318] N5 02: Press tab key to next field
<br>
[2023-08-21 07:56:52,357] N5 03: Verify error message is displayed
<br>
[2023-08-21 07:56:52,418] N6 01: Enter to Customer Name value ' dsdsdsdsdsd'
<br>
[2023-08-21 07:56:52,548] N6 02: Verify error message is displayed
<br>
[2023-08-21 07:56:52,619] N8 01: Enter to City value ''
<br>
[2023-08-21 07:56:52,733] N8 02: Press tab to navigate next field
<br>
[2023-08-21 07:56:52,765] N8 03: Verify error message is displayed
<br>
[2023-08-21 07:56:52,823] N9 01: Enter to City value '213123123'
<br>
[2023-08-21 07:56:52,937] N9 02: Verify error message is displayed
<br>
[2023-08-21 07:56:53,005] N10 01: Enter to City value '!@#@#!#@!#@#!@!#'
<br>
[2023-08-21 07:56:53,107] N10 02: Verify error message is displayed
<br>
[2023-08-21 07:56:53,179] N11 01: Enter to City value ' dsdsdsdsdsd'
<br>
[2023-08-21 07:56:53,296] N11 02: Verify error message is displayed
<br>
[2023-08-21 07:56:53,367] N12 01: Enter to State value ''
<br>
[2023-08-21 07:56:53,485] N12 02: Press tab to navigate next field
<br>
[2023-08-21 07:56:53,529] N12 03: Verify error message is displayed
<br>
[2023-08-21 07:56:53,600] N13 01: Enter to State value '123123123123'
<br>
[2023-08-21 07:56:53,718] N13 02: Verify error message is displayed
<br>
[2023-08-21 07:56:53,781] N14 01: Enter to State value '@&*!#^&*@!#^&'
<br>
[2023-08-21 07:56:53,908] N14 02: Verify error message is displayed
<br>
[2023-08-21 07:56:53,973] N15 01: Enter to State value ' dsdsdsdsdsd'
<br>
[2023-08-21 07:56:54,094] N15 02: Verify error message is displayed
<br>
[2023-08-21 07:56:54,167] N16 01: Enter to PIN value ''
<br>
[2023-08-21 07:56:54,263] N16 02: Press Tab to navigate next field
<br>
[2023-08-21 07:56:54,303] N16 02: Verify error message is displayed
<br>
[2023-08-21 07:56:54,361] N17 01: Enter to PIN value '123PIN'
<br>
[2023-08-21 07:56:54,454] N17 02: Verify error message is displayed
<br>
[2023-08-21 07:56:54,518] N18 01: Enter to PIN value '12345'
<br>
[2023-08-21 07:56:54,623] N18 02: Verify error message is displayed
<br>
[2023-08-21 07:56:54,684] N19 01: Enter to PIN value '123$$$$'
<br>
[2023-08-21 07:56:54,800] N19 02: Verify error message is displayed
<br>
[2023-08-21 07:56:54,867] NC20 01: Enter to PIN value ' sadsadsad'
<br>
[2023-08-21 07:56:54,987] NC20 02: Verify error message is displayed
<br>
[2023-08-21 07:56:55,058] NC21 01: Enter to PIN value '23 454'
<br>
[2023-08-21 07:56:55,180] NC21 02: Verify error message is displayed
<br>
[2023-08-21 07:56:55,243] NC22 01: Enter to Telephone value ''
<br>
[2023-08-21 07:56:55,358] NC22 02: Press Tab to navigate next field
<br>
[2023-08-21 07:56:55,406] NC22 03: Verify error message is displayed
<br>
[2023-08-21 07:56:55,479] NC23 01: Enter to PIN value ' sadsfsdfsdfsdf'
<br>
[2023-08-21 07:56:55,604] NC23 02: Verify error message is displayed
<br>
[2023-08-21 07:56:55,687] NC24 01: Enter to Telephone value '12312 34435'
<br>
[2023-08-21 07:56:55,808] NC24 02: Verify error message is displayed
<br>
[2023-08-21 07:56:55,876] NC25 01: Enter to Telephone value '13123@##'
<br>
[2023-08-21 07:56:55,992] NC25 02: Verify error message is displayed
<br>
[2023-08-21 07:56:56,059] NC26 01: Enter to Email value ''
<br>
[2023-08-21 07:56:56,147] NC26 01: Press Tab to navigate next field
<br>
[2023-08-21 07:56:56,197] NC26 03: Verify error message is displayed
<br>
[2023-08-21 07:56:56,268] NC27 01: Enter to Email value '13123@##'
<br>
[2023-08-21 07:56:56,399] NC27 02: Verify error message is displayed
<br>
[2023-08-21 07:56:56,467] NC29 01: Enter to Email value ' asdasdasdasd'
<br>
[2023-08-21 07:56:56,575] NC29 02: Verify error message is displayed
<br>
[2023-08-21 07:56:56,640] NC30 01: Click to Reset Button to clear all field
<br>
[2023-08-21 07:56:56,713] NC30 02: Click to Submit Button
<br>
[2023-08-21 07:56:56,802] NC30 03: Verify all field is required
<br>
[2023-08-21 07:56:56,811] OS name = windows 10
<br>
[2023-08-21 07:56:56,812] Driver instance name = chromedriver: chrome on windows (6cd78eb4fa797bab18affd3218703467)
<br>
[2023-08-21 07:56:56,821] unexpected alert open: {Alert text : please fill all fields}
  (Session info: chrome=115.0.5790.173): please fill all fields
Build info: version: '3.141.59', revision: 'e82be7d358', time: '2018-11-14T08:17:03'
System info: host: 'DESKTOP-Q3VM3NF', ip: '172.27.240.1', os.name: 'Windows 10', os.arch: 'amd64', os.version: '10.0', java.version: '11.0.18'
Driver info: org.openqa.selenium.chrome.ChromeDriver
Capabilities {acceptInsecureCerts: false, browserName: chrome, browserVersion: 115.0.5790.173, chrome: {chromedriverVersion: 115.0.5790.170 (cc0d30c2ca5..., userDataDir: C:\Users\PC\AppData\Local\T...}, goog:chromeOptions: {debuggerAddress: localhost:52297}, javascriptEnabled: true, networkConnectionEnabled: false, pageLoadStrategy: normal, platform: WINDOWS, platformName: WINDOWS, proxy: Proxy(), setWindowRect: true, strictFileInteractability: false, timeouts: {implicit: 0, pageLoad: 300000, script: 30000}, unhandledPromptBehavior: dismiss and notify, webauthn:extension:credBlob: true, webauthn:extension:largeBlob: true, webauthn:extension:minPinLength: true, webauthn:extension:prf: true, webauthn:virtualAuthenticators: true}
Session ID: 6cd78eb4fa797bab18affd3218703467
<br>]]>
  </system-out>
</testsuite> <!-- com.newaccount.NewAccount -->
