<?xml version="1.0" encoding="UTF-8"?>
<!-- Generated by org.testng.reporters.JUnitReportReporter -->
<testsuite hostname="VN-TanTranDinh2" failures="0" tests="2" name="com.newaccount.NewAccount" time="0.113" errors="0" timestamp="18 Aug 2023 10:52:48 GMT" skipped="0">
  <testcase classname="com.newaccount.NewAccount" name="NA1" time="0.109"/>
  <testcase classname="com.newaccount.NewAccount" name="NA2" time="0.004"/>
</testsuite> <!-- com.newaccount.NewAccount -->
