<?xml version="1.0" encoding="UTF-8"?>
<!-- Generated by org.testng.reporters.JUnitReportReporter -->
<testsuite hostname="VN-TanTranDinh2" failures="0" tests="5" name="com.bankguru.account.DeleteCustomer" time="2.059" errors="0" timestamp="2023-08-21T17:03:37 ICT" skipped="0">
  <testcase classname="com.bankguru.account.DeleteCustomer" name="DC02_CustomerID_Must_Be_Numeric" time="0.217"/>
  <system-out>
    <![CDATA[[2023-08-21 17:03:36,467] Step 01 - Enter to customer ID value: 'Acc12344'
<br>
[2023-08-21 17:03:36,621] Step 02 - Verify error message displayed
<br>]]>
  </system-out>
  <testcase classname="com.bankguru.account.DeleteCustomer" name="DC01_CustomerID_CannotBe_Empty" time="1.218"/>
  <system-out>
    <![CDATA[[2023-08-21 17:03:35,250] Open Delete customer page
<br>
[2023-08-21 17:03:36,106] Step 01 - Enter to customer ID value: ''
<br>
[2023-08-21 17:03:36,276] Step 02 - Press tab to navigate next field
<br>
[2023-08-21 17:03:36,322] Step 03 - Verify error message displayed
<br>]]>
  </system-out>
  <testcase classname="com.bankguru.account.DeleteCustomer" name="DC04_CustomerID_Have_Blank_Space" time="0.197"/>
  <system-out>
    <![CDATA[[2023-08-21 17:03:36,917] Step 01 - Enter to customer ID value: '123 2323'
<br>
[2023-08-21 17:03:37,042] Step 02 - Verify error message displayed
<br>]]>
  </system-out>
  <testcase classname="com.bankguru.account.DeleteCustomer" name="DC05_CustomerID_First_Character_Not_Have_Blank_Space" time="0.198"/>
  <system-out>
    <![CDATA[[2023-08-21 17:03:37,116] Step 01 - Enter to customer ID value: ' '
<br>
[2023-08-21 17:03:37,233] Step 02 - Verify error message displayed
<br>]]>
  </system-out>
  <testcase classname="com.bankguru.account.DeleteCustomer" name="DC03_CustomerID_Have_Character_Special" time="0.229"/>
  <system-out>
    <![CDATA[[2023-08-21 17:03:36,687] Step 01 - Enter to customer ID value: '!@#$$$$'
<br>
[2023-08-21 17:03:36,818] Step 02 - Verify error message displayed
<br>]]>
  </system-out>
</testsuite> <!-- com.bankguru.account.DeleteCustomer -->
