<?xml version="1.0" encoding="UTF-8"?>
<!-- Generated by org.testng.reporters.JUnitReportReporter -->
<testsuite hostname="VN-TanTranDinh2" failures="0" tests="29" name="com.bankguru.customer.NewCustomer" time="11.652" errors="0" timestamp="2023-08-21T20:28:12 ICT" skipped="0">
  <testcase classname="com.bankguru.customer.NewCustomer" name="NC5_Address_Is_Blank_Space" time="0.277"/>
  <system-out>
    <![CDATA[[2023-08-21 20:27:43,458] N5 01: Enter to Address value ''
<br>
[2023-08-21 20:27:43,608] N5 02: Press tab key to next field
<br>
[2023-08-21 20:27:43,655] N5 03: Verify error message is displayed
<br>]]>
  </system-out>
  <testcase classname="com.bankguru.customer.NewCustomer" name="NC6_Address_Is_First_Blank_Space" time="0.246"/>
  <system-out>
    <![CDATA[[2023-08-21 20:27:43,737] N6 01: Enter to Customer Name value ' dsdsdsdsdsd'
<br>
[2023-08-21 20:27:43,895] N6 02: Verify error message is displayed
<br>]]>
  </system-out>
  <testcase classname="com.bankguru.customer.NewCustomer" name="NC9_City_Is_Numeric" time="0.245"/>
  <system-out>
    <![CDATA[[2023-08-21 20:27:44,286] N9 01: Enter to City value '213123123'
<br>
[2023-08-21 20:27:44,443] N9 02: Verify error message is displayed
<br>]]>
  </system-out>
  <testcase classname="com.bankguru.customer.NewCustomer" name="NC2_CustomerName_Is_Number" time="0.228"/>
  <system-out>
    <![CDATA[[2023-08-21 20:27:42,746] NC2 01: Enter to Customer Name value 'Acc1234'
<br>
[2023-08-21 20:27:42,893] NC2 02: Verify error message is displayed
<br>]]>
  </system-out>
  <testcase classname="com.bankguru.customer.NewCustomer" name="NC4_CustomerName_Is_First_Blank_Space" time="0.249"/>
  <system-out>
    <![CDATA[[2023-08-21 20:27:43,207] N4 01: Enter to Customer Name value ' dsdsdsdsdsd'
<br>
[2023-08-21 20:27:43,362] N4 02: Verify error message is displayed
<br>]]>
  </system-out>
  <testcase classname="com.bankguru.customer.NewCustomer" name="NC8_City_Is_First_Blank_Space" time="0.294"/>
  <system-out>
    <![CDATA[[2023-08-21 20:27:43,986] N8 01: Enter to City value ''
<br>
[2023-08-21 20:27:44,154] N8 02: Press tab to navigate next field
<br>
[2023-08-21 20:27:44,204] N8 03: Verify error message is displayed
<br>]]>
  </system-out>
  <testcase classname="com.bankguru.customer.NewCustomer" name="NC1_CustomerName_Is_Blank" time="2.524"/>
  <system-out>
    <![CDATA[[2023-08-21 20:27:40,189] NC1 01: Open New Customer Page
<br>
[2023-08-21 20:27:40,413] NC1 02: Enter to Customer Name ''
<br>
[2023-08-21 20:27:42,494] NC1 03: Press TAB to navigate next field
<br>
[2023-08-21 20:27:42,550] NC1 04: Verify error message is displayed
<br>]]>
  </system-out>
  <testcase classname="com.bankguru.customer.NewCustomer" name="NC3_CustomerName_Is_Character" time="0.228"/>
  <system-out>
    <![CDATA[[2023-08-21 20:27:42,977] NC3 01: Enter to Customer Name value '123123@##!'
<br>
[2023-08-21 20:27:43,117] NC3 02: Verify error message is displayed
<br>]]>
  </system-out>
  <testcase classname="com.bankguru.customer.NewCustomer" name="NC25_Telephone_is_special_character" time="0.215"/>
  <system-out>
    <![CDATA[[2023-08-21 20:27:48,103] NC25 01: Enter to Telephone value '13123@##'
<br>
[2023-08-21 20:27:48,230] NC25 02: Verify error message is displayed
<br>]]>
  </system-out>
  <testcase classname="com.bankguru.customer.NewCustomer" name="NC20_Pin_Have_First_Blank_Space" time="0.228"/>
  <system-out>
    <![CDATA[[2023-08-21 20:27:46,970] NC20 01: Enter to PIN value ' sadsadsad'
<br>
[2023-08-21 20:27:47,112] NC20 02: Verify error message is displayed
<br>]]>
  </system-out>
  <testcase classname="com.bankguru.customer.NewCustomer" name="NC15_City_Is_First_Blank_Space" time="0.217"/>
  <system-out>
    <![CDATA[[2023-08-21 20:27:45,772] N15 01: Enter to State value ' dsdsdsdsdsd'
<br>
[2023-08-21 20:27:45,902] N15 02: Verify error message is displayed
<br>]]>
  </system-out>
  <testcase classname="com.bankguru.customer.NewCustomer" name="NC16_Pin_Is_Empty" time="0.277"/>
  <system-out>
    <![CDATA[[2023-08-21 20:27:45,991] N16 01: Enter to PIN value ''
<br>
[2023-08-21 20:27:46,141] N16 02: Press Tab to navigate next field
<br>
[2023-08-21 20:27:46,190] N16 02: Verify error message is displayed
<br>]]>
  </system-out>
  <testcase classname="com.bankguru.customer.NewCustomer" name="NC12_State_Is_Empty" time="0.275"/>
  <system-out>
    <![CDATA[[2023-08-21 20:27:45,032] N12 01: Enter to State value ''
<br>
[2023-08-21 20:27:45,179] N12 02: Press tab to navigate next field
<br>
[2023-08-21 20:27:45,229] N12 03: Verify error message is displayed
<br>]]>
  </system-out>
  <testcase classname="com.bankguru.customer.NewCustomer" name="NC21_Pin_Have_Blank_Space" time="0.203"/>
  <system-out>
    <![CDATA[[2023-08-21 20:27:47,200] NC21 01: Enter to PIN value '23 454'
<br>
[2023-08-21 20:27:47,327] NC21 02: Verify error message is displayed
<br>]]>
  </system-out>
  <testcase classname="com.bankguru.customer.NewCustomer" name="NC26_Email_is_Empty" time="0.259"/>
  <system-out>
    <![CDATA[[2023-08-21 20:27:48,321] NC26 01: Enter to Email value ''
<br>
[2023-08-21 20:27:48,469] NC26 01: Press Tab to navigate next field
<br>
[2023-08-21 20:27:48,517] NC26 03: Verify error message is displayed
<br>]]>
  </system-out>
  <testcase classname="com.bankguru.customer.NewCustomer" name="NC17_Pin_Is_Numeric" time="0.201"/>
  <system-out>
    <![CDATA[[2023-08-21 20:27:46,270] N17 01: Enter to PIN value '123PIN'
<br>
[2023-08-21 20:27:46,398] N17 02: Verify error message is displayed
<br>]]>
  </system-out>
  <testcase classname="com.bankguru.customer.NewCustomer" name="NC27_Email_Is_Incorrect_Format" time="0.218"/>
  <system-out>
    <![CDATA[[2023-08-21 20:27:48,580] NC27 01: Enter to Email value '13123@##'
<br>
[2023-08-21 20:27:48,710] NC27 02: Verify error message is displayed
<br>]]>
  </system-out>
  <testcase classname="com.bankguru.customer.NewCustomer" name="NC19_PIN_Cannot_Have_Special" time="0.239"/>
  <system-out>
    <![CDATA[[2023-08-21 20:27:46,730] N19 01: Enter to PIN value '123$$$$'
<br>
[2023-08-21 20:27:46,879] N19 02: Verify error message is displayed
<br>]]>
  </system-out>
  <testcase classname="com.bankguru.customer.NewCustomer" name="NC23_Telephone_first_character_is_blank" time="0.202"/>
  <system-out>
    <![CDATA[[2023-08-21 20:27:47,683] NC23 01: Enter to PIN value ' sadsfsdfsdfsdf'
<br>
[2023-08-21 20:27:47,821] NC23 02: Verify error message is displayed
<br>]]>
  </system-out>
  <testcase classname="com.bankguru.customer.NewCustomer" name="NC29_Email_Have_Space" time="0.217"/>
  <system-out>
    <![CDATA[[2023-08-21 20:27:48,801] NC29 01: Enter to Email value ' asdasdasdasd'
<br>
[2023-08-21 20:27:48,933] NC29 02: Verify error message is displayed
<br>]]>
  </system-out>
  <testcase classname="com.bankguru.customer.NewCustomer" name="NC24_Telephone_is_include_blank_space" time="0.215"/>
  <system-out>
    <![CDATA[[2023-08-21 20:27:47,886] NC24 01: Enter to Telephone value '12312 34435'
<br>
[2023-08-21 20:27:48,016] NC24 02: Verify error message is displayed
<br>]]>
  </system-out>
  <testcase classname="com.bankguru.customer.NewCustomer" name="NC22_Telephone_Is_Empty" time="0.276"/>
  <system-out>
    <![CDATA[[2023-08-21 20:27:47,405] NC22 01: Enter to Telephone value ''
<br>
[2023-08-21 20:27:47,553] NC22 02: Press Tab to navigate next field
<br>
[2023-08-21 20:27:47,603] NC22 03: Verify error message is displayed
<br>]]>
  </system-out>
  <testcase classname="com.bankguru.customer.NewCustomer" name="NC11_City_Is_First_Blank_Space" time="0.250"/>
  <system-out>
    <![CDATA[[2023-08-21 20:27:44,781] N11 01: Enter to City value ' dsdsdsdsdsd'
<br>
[2023-08-21 20:27:44,936] N11 02: Verify error message is displayed
<br>]]>
  </system-out>
  <testcase classname="com.bankguru.customer.NewCustomer" name="NC13_State_Is_Numeric" time="0.216"/>
  <system-out>
    <![CDATA[[2023-08-21 20:27:45,310] N13 01: Enter to State value '123123123123'
<br>
[2023-08-21 20:27:45,462] N13 02: Verify error message is displayed
<br>]]>
  </system-out>
  <testcase classname="com.bankguru.customer.NewCustomer" name="NC18_PIN_Must_Have_6_Digits" time="0.248"/>
  <system-out>
    <![CDATA[[2023-08-21 20:27:46,478] N18 01: Enter to PIN value '12345'
<br>
[2023-08-21 20:27:46,614] N18 02: Verify error message is displayed
<br>]]>
  </system-out>
  <testcase classname="com.bankguru.customer.NewCustomer" name="NC10_City_Is_Special_Character" time="0.245"/>
  <system-out>
    <![CDATA[[2023-08-21 20:27:44,533] N10 01: Enter to City value '!@#@#!#@!#@#!@!#'
<br>
[2023-08-21 20:27:44,689] N10 02: Verify error message is displayed
<br>]]>
  </system-out>
  <testcase classname="com.bankguru.customer.NewCustomer" name="NC30_Verify_All_Field_Required" time="0.268"/>
  <system-out>
    <![CDATA[[2023-08-21 20:27:49,020] NC30 01: Click to Reset Button to clear all field
<br>
[2023-08-21 20:27:49,154] NC30 02: Click to Submit Button
<br>
[2023-08-21 20:27:49,262] NC30 03: Verify all field is required
<br>
[2023-08-21 20:27:49,269] NC30 04: Accept Alert
<br>]]>
  </system-out>
  <testcase classname="com.bankguru.customer.NewCustomer" name="NC14_State_Is_Special" time="0.243"/>
  <system-out>
    <![CDATA[[2023-08-21 20:27:45,527] N14 01: Enter to State value '@&*!#^&*@!#^&'
<br>
[2023-08-21 20:27:45,682] N14 02: Verify error message is displayed
<br>]]>
  </system-out>
  <testcase classname="com.bankguru.customer.NewCustomer" name="NC_31_Add_New_Customer" time="2.649"/>
  <system-out>
    <![CDATA[[2023-08-21 20:27:49,291] NC31 01: Enter to Customer Name value is: 'Emery Harvey'
<br>
[2023-08-21 20:27:49,435] NC31 02: Select to Gender value is: 'Female'
<br>
[2023-08-21 20:27:49,560] NC31 23: Enter to Date of birth value is: 08
<br>
[2023-08-21 20:27:49,743] NC31 04: Enter to Address value is: '82370 Malcolm Curve'
<br>
[2023-08-21 20:27:49,902] NC31 05: Enter to City value is: 'Byronmouth'
<br>
[2023-08-21 20:27:50,032] NC31 06: Enter to State value is: 'Nevada'
<br>
[2023-08-21 20:27:50,173] NC31 07: Enter to PIN value is: 123456
<br>
[2023-08-21 20:27:50,310] NC31 08: Enter to Mobile Phone Number value is: '7048884595'
<br>
[2023-08-21 20:27:50,454] NC31 09: Enter to Email value is: 'bradford.beahan@hotmail.com'
<br>
[2023-08-21 20:27:50,613] NC31 10: Enter to Email value is: '4e8lc9ja'
<br>
[2023-08-21 20:27:50,762] NC31 11: Click to submit button
<br>
[2023-08-21 20:27:51,857] NC31 12: Get Customer ID
<br>
[2023-08-21 20:27:51,937] NC31 13: Customer ID value is: 4126
<br>]]>
  </system-out>
</testsuite> <!-- com.bankguru.customer.NewCustomer -->
