<?xml version="1.0" encoding="UTF-8"?>
<!-- Generated by org.testng.reporters.JUnitReportReporter -->
<testsuite hostname="VN-TanTranDinh2" failures="0" tests="19" name="com.bankguru.account.EditCustomer" time="6.427" errors="0" timestamp="2023-08-21T17:03:37 ICT" skipped="0">
  <testcase classname="com.bankguru.account.EditCustomer" name="EC_01_CustomerID_Cannot_Empty" time="1.216"/>
  <system-out>
    <![CDATA[[2023-08-21 17:03:23,115] Step 01 - Open Edit Customer Page
<br>
[2023-08-21 17:03:23,951] Step 02 -Send key to Customer ID field value: ''
<br>
[2023-08-21 17:03:24,114] Step 03 -Press tab to navigate next field
<br>
[2023-08-21 17:03:24,164] Step 04 -Verify error message Customer ID field
<br>]]>
  </system-out>
  <testcase classname="com.bankguru.account.EditCustomer" name="EC_09_State_Cannot_Be_Empty" time="0.273"/>
  <system-out>
    <![CDATA[[2023-08-21 17:03:27,096] Step 01 - Send key to State field value: 
<br>
[2023-08-21 17:03:27,238] Step 02 - Press Tab to navigate next field at State Field
<br>
[2023-08-21 17:03:27,289] Step 03 - Verify Error Message State displayed
<br>]]>
  </system-out>
  <testcase classname="com.bankguru.account.EditCustomer" name="EC_08_City_Cannot_Be_Special_Character" time="0.232"/>
  <system-out>
    <![CDATA[[2023-08-21 17:03:26,860] Step 01 - Send key to City field value: !@#$$$@!
<br>
[2023-08-21 17:03:27,003] Step 02 - Verify Error Message City displayed
<br>]]>
  </system-out>
  <testcase classname="com.bankguru.account.EditCustomer" name="EC_03_Customer_ID_Have_Special_Character" time="0.243"/>
  <system-out>
    <![CDATA[[2023-08-21 17:03:24,562] Step 01 - Send key to Customer ID field value: '123$$$$$'
<br>
[2023-08-21 17:03:24,721] Step 02 - Verify Error Message Displayed
<br>]]>
  </system-out>
  <testcase classname="com.bankguru.account.EditCustomer" name="EC_06_City_Cannot_Be_Empty" time="0.261"/>
  <system-out>
    <![CDATA[[2023-08-21 17:03:26,392] Step 01 - Send key to City field value: 
<br>
[2023-08-21 17:03:26,531] Step 02 - Press Tab to navigate next field at City Field
<br>
[2023-08-21 17:03:26,575] Step 03 - Verify Error Message City displayed
<br>]]>
  </system-out>
  <testcase classname="com.bankguru.account.EditCustomer" name="EC_02_Must_Be_Numeric" time="0.228"/>
  <system-out>
    <![CDATA[[2023-08-21 17:03:24,331] Step 01 - Send key to Customer ID field value: '123ASD'
<br>
[2023-08-21 17:03:24,459] Step 02 - Verify Error Message Displayed
<br>]]>
  </system-out>
  <testcase classname="com.bankguru.account.EditCustomer" name="EC_07_City_Cannot_Be_Numeric" time="0.204"/>
  <system-out>
    <![CDATA[[2023-08-21 17:03:26,654] Step 01 - Send key to City field value: 1234
<br>
[2023-08-21 17:03:26,780] Step 02 - Verify Error Message City displayed
<br>]]>
  </system-out>
  <testcase classname="com.bankguru.account.EditCustomer" name="EC_05_Address_Cannot_Be_Empty" time="0.491"/>
  <system-out>
    <![CDATA[[2023-08-21 17:03:25,898] Step 01 - Send key to Customer ID field value: '96530'
<br>
[2023-08-21 17:03:26,236] Step 02 - Press Tab to navigate next field at Address Field
<br>
[2023-08-21 17:03:26,294] Step 03 - Verify Error Message Address displayed
<br>]]>
  </system-out>
  <testcase classname="com.bankguru.account.EditCustomer" name="EC_04_Customer_ID_Valid" time="1.090"/>
  <system-out>
    <![CDATA[[2023-08-21 17:03:24,807] Step 01 - Send key to Customer ID field value: '96530'
<br>
[2023-08-21 17:03:24,948] Step 02 - Click to submit button
<br>]]>
  </system-out>
  <testcase classname="com.bankguru.account.EditCustomer" name="EC_14_PIN_Cannot_Be_Special_Character" time="0.216"/>
  <system-out>
    <![CDATA[[2023-08-21 17:03:28,283] Step 01 - Send key to PIN field value: !@#$$$@!
<br>
[2023-08-21 17:03:28,419] Step 02 - Verify Error Message PIN displayed
<br>]]>
  </system-out>
  <testcase classname="com.bankguru.account.EditCustomer" name="EC_17_TelePhone_Cannot_Be_Empty" time="0.203"/>
  <system-out>
    <![CDATA[[2023-08-21 17:03:28,922] Step 01 - Send key to TelePhone field value: ''
<br>
[2023-08-21 17:03:29,040] Step 02 - Verify Error Message TelePhone displayed
<br>]]>
  </system-out>
  <testcase classname="com.bankguru.account.EditCustomer" name="EC_19_Email_invalid_format" time="0.200"/>
  <system-out>
    <![CDATA[[2023-08-21 17:03:29,375] Step 01 - Send key to TelePhone field value: guru99@gmail
<br>
[2023-08-21 17:03:29,495] Step 02 - Verify Error Message Email displayed
<br>]]>
  </system-out>
  <testcase classname="com.bankguru.account.EditCustomer" name="EC_16_TelePhone_Cannot_Be_Special_Character" time="0.216"/>
  <system-out>
    <![CDATA[[2023-08-21 17:03:28,703] Step 01 - Send key to TelePhone field value: !@#$$$@!
<br>
[2023-08-21 17:03:28,839] Step 02 - Verify Error Message TelePhone displayed
<br>]]>
  </system-out>
  <testcase classname="com.bankguru.account.EditCustomer" name="EC_11_State_Cannot_Be_Special_Character" time="0.228"/>
  <system-out>
    <![CDATA[[2023-08-21 17:03:27,585] Step 01 - Send key to State field value: !@#$$$@!
<br>
[2023-08-21 17:03:27,733] Step 02 - Verify Error Message State displayed
<br>]]>
  </system-out>
  <testcase classname="com.bankguru.account.EditCustomer" name="EC_18_Email_Not_Be_Empty" time="0.247"/>
  <system-out>
    <![CDATA[[2023-08-21 17:03:29,126] Step 01 - Send key to Email field value: ''
<br>
[2023-08-21 17:03:29,284] Step 02 - Verify Error Message PIN displayed
<br>]]>
  </system-out>
  <testcase classname="com.bankguru.account.EditCustomer" name="EC_10_State_Cannot_Be_Numeric" time="0.213"/>
  <system-out>
    <![CDATA[[2023-08-21 17:03:27,369] Step 01 - Send key to State field value: 1234
<br>
[2023-08-21 17:03:27,495] Step 02 - Verify Error Message State displayed
<br>]]>
  </system-out>
  <testcase classname="com.bankguru.account.EditCustomer" name="EC_13_PIN_Must_Be_Numeric" time="0.217"/>
  <system-out>
    <![CDATA[[2023-08-21 17:03:28,064] Step 01 - Send key to PIN field value: 1234AB
<br>
[2023-08-21 17:03:28,196] Step 02 - Verify Error Message PIN displayed
<br>]]>
  </system-out>
  <testcase classname="com.bankguru.account.EditCustomer" name="EC_15_PIN_Must_Have_6_Digits" time="0.201"/>
  <system-out>
    <![CDATA[[2023-08-21 17:03:28,501] Step 01 - Send key to PIN field value: 1234
<br>
[2023-08-21 17:03:28,628] Step 02 - Verify Error Message PIN displayed
<br>]]>
  </system-out>
  <testcase classname="com.bankguru.account.EditCustomer" name="EC_12_PIN_Cannot_Be_Empty" time="0.248"/>
  <system-out>
    <![CDATA[[2023-08-21 17:03:27,814] Step 01 - Send key to PIN field value: 
<br>
[2023-08-21 17:03:27,950] Step 02 - Press Tab to navigate next field at State Field
<br>
[2023-08-21 17:03:27,997] Step 03 - Verify Error Message PIN displayed
<br>]]>
  </system-out>
</testsuite> <!-- com.bankguru.account.EditCustomer -->
