<?xml version="1.0" encoding="UTF-8"?>
<!-- Generated by org.testng.reporters.JUnitReportReporter -->
<testsuite hostname="VN-TanTranDinh2" failures="0" tests="1" name="com.bankguru.account.EditAccount" time="3.808" errors="0" timestamp="2023-08-21T09:56:28 ICT" skipped="0">
  <testcase classname="com.bankguru.account.EditAccount" name="EC_01_CustomerID_Cannot_Empty" time="3.808"/>
  <system-out>
    <![CDATA[[2023-08-21 09:56:24,531] Open Edit Customer Page
<br>
[2023-08-21 09:56:24,737] Send key to Customer ID field value: ''
<br>
[2023-08-21 09:56:28,120] Press tab to navigate next field
<br>
[2023-08-21 09:56:28,167] Verify error message Customer ID field
<br>]]>
  </system-out>
</testsuite> <!-- com.bankguru.account.EditAccount -->
