<?xml version="1.0" encoding="UTF-8"?>
<!-- Generated by org.testng.reporters.JUnitReportReporter -->
<testsuite hostname="VN-TanTranDinh2" failures="0" tests="5" name="com.bankguru.customer.DeleteCustomer" time="4.141" errors="0" timestamp="2023-08-21T20:28:12 ICT" skipped="0">
  <testcase classname="com.bankguru.customer.DeleteCustomer" name="DC04_CustomerID_Have_Blank_Space" time="0.209"/>
  <system-out>
    <![CDATA[[2023-08-21 20:28:11,902] Step 01 - Enter to customer ID value: '123 2323'
<br>
[2023-08-21 20:28:12,041] Step 02 - Verify error message displayed
<br>]]>
  </system-out>
  <testcase classname="com.bankguru.customer.DeleteCustomer" name="DC05_CustomerID_First_Character_Not_Have_Blank_Space" time="0.183"/>
  <system-out>
    <![CDATA[[2023-08-21 20:28:12,112] Step 01 - Enter to customer ID value: ' '
<br>
[2023-08-21 20:28:12,231] Step 02 - Verify error message displayed
<br>]]>
  </system-out>
  <testcase classname="com.bankguru.customer.DeleteCustomer" name="DC03_CustomerID_Have_Character_Special" time="0.216"/>
  <system-out>
    <![CDATA[[2023-08-21 20:28:11,682] Step 01 - Enter to customer ID value: '!@#$$$$'
<br>
[2023-08-21 20:28:11,811] Step 02 - Verify error message displayed
<br>]]>
  </system-out>
  <testcase classname="com.bankguru.customer.DeleteCustomer" name="DC01_CustomerID_CannotBe_Empty" time="3.335"/>
  <system-out>
    <![CDATA[[2023-08-21 20:28:08,149] Open Delete customer page
<br>
[2023-08-21 20:28:08,339] Step 01 - Enter to customer ID value: ''
<br>
[2023-08-21 20:28:11,343] Step 02 - Press tab to navigate next field
<br>
[2023-08-21 20:28:11,393] Step 03 - Verify error message displayed
<br>]]>
  </system-out>
  <testcase classname="com.bankguru.customer.DeleteCustomer" name="DC02_CustomerID_Must_Be_Numeric" time="0.198"/>
  <system-out>
    <![CDATA[[2023-08-21 20:28:11,483] Step 01 - Enter to customer ID value: 'Acc12344'
<br>
[2023-08-21 20:28:11,613] Step 02 - Verify error message displayed
<br>]]>
  </system-out>
</testsuite> <!-- com.bankguru.customer.DeleteCustomer -->
