<?xml version="1.0" encoding="UTF-8"?>
<!-- Generated by org.testng.reporters.JUnitReportReporter -->
<testsuite hostname="VN-TanTranDinh2" failures="0" tests="1" name="NewTest" time="0.080" errors="0" timestamp="18 Aug 2023 09:42:56 GMT" skipped="0">
  <testcase classname="NewTest" name="f" time="0.080"/>
</testsuite> <!-- NewTest -->
