<?xml version="1.0" encoding="UTF-8"?>
<!-- Generated by org.testng.reporters.JUnitReportReporter -->
<testsuite hostname="VN-TanTranDinh2" failures="0" tests="19" name="com.bankguru.customer.EditCustomer" time="6.664" errors="0" timestamp="2023-08-21T20:28:12 ICT" skipped="0">
  <testcase classname="com.bankguru.customer.EditCustomer" name="EC_07_City_Cannot_Be_Numeric" time="0.231"/>
  <system-out>
    <![CDATA[[2023-08-21 20:28:00,235] Step 01 - Send key to City field value: 1234
<br>
[2023-08-21 20:28:00,376] Step 02 - Verify Error Message City displayed
<br>]]>
  </system-out>
  <testcase classname="com.bankguru.customer.EditCustomer" name="EC_04_Customer_ID_Valid" time="0.927"/>
  <system-out>
    <![CDATA[[2023-08-21 20:27:58,486] Step 01 - Send key to Customer ID field value: '4126'
<br>
[2023-08-21 20:27:58,609] Step 02 - Click to submit button
<br>]]>
  </system-out>
  <testcase classname="com.bankguru.customer.EditCustomer" name="EC_03_Customer_ID_Have_Special_Character" time="0.244"/>
  <system-out>
    <![CDATA[[2023-08-21 20:27:58,241] Step 01 - Send key to Customer ID field value: '123$$$$$'
<br>
[2023-08-21 20:27:58,399] Step 02 - Verify Error Message Displayed
<br>]]>
  </system-out>
  <testcase classname="com.bankguru.customer.EditCustomer" name="EC_09_State_Cannot_Be_Empty" time="0.279"/>
  <system-out>
    <![CDATA[[2023-08-21 20:28:00,688] Step 01 - Send key to State field value: 
<br>
[2023-08-21 20:28:00,826] Step 02 - Press Tab to navigate next field at State Field
<br>
[2023-08-21 20:28:00,878] Step 03 - Verify Error Message State displayed
<br>]]>
  </system-out>
  <testcase classname="com.bankguru.customer.EditCustomer" name="EC_08_City_Cannot_Be_Special_Character" time="0.219"/>
  <system-out>
    <![CDATA[[2023-08-21 20:28:00,468] Step 01 - Send key to City field value: !@#$$$@!
<br>
[2023-08-21 20:28:00,610] Step 02 - Verify Error Message City displayed
<br>]]>
  </system-out>
  <testcase classname="com.bankguru.customer.EditCustomer" name="EC_01_CustomerID_Cannot_Empty" time="1.242"/>
  <system-out>
    <![CDATA[[2023-08-21 20:27:56,676] Step 01 - Open Edit Customer Page
<br>
[2023-08-21 20:27:57,610] Step 02 -Send key to Customer ID field value: ''
<br>
[2023-08-21 20:27:57,776] Step 03 -Press tab to navigate next field
<br>
[2023-08-21 20:27:57,825] Step 04 -Verify error message Customer ID field
<br>]]>
  </system-out>
  <testcase classname="com.bankguru.customer.EditCustomer" name="EC_05_Address_Cannot_Be_Empty" time="0.482"/>
  <system-out>
    <![CDATA[[2023-08-21 20:27:59,415] Step 01 - Send key to Customer ID field value: '4126'
<br>
[2023-08-21 20:27:59,642] Step 02 - Press Tab to navigate next field at Address Field
<br>
[2023-08-21 20:27:59,816] Step 03 - Verify Error Message Address displayed
<br>]]>
  </system-out>
  <testcase classname="com.bankguru.customer.EditCustomer" name="EC_02_Must_Be_Numeric" time="0.320"/>
  <system-out>
    <![CDATA[[2023-08-21 20:27:57,919] Step 01 - Send key to Customer ID field value: '123ASD'
<br>
[2023-08-21 20:27:58,161] Step 02 - Verify Error Message Displayed
<br>]]>
  </system-out>
  <testcase classname="com.bankguru.customer.EditCustomer" name="EC_06_City_Cannot_Be_Empty" time="0.334"/>
  <system-out>
    <![CDATA[[2023-08-21 20:27:59,899] Step 01 - Send key to City field value: 
<br>
[2023-08-21 20:28:00,090] Step 02 - Press Tab to navigate next field at City Field
<br>
[2023-08-21 20:28:00,149] Step 03 - Verify Error Message City displayed
<br>]]>
  </system-out>
  <testcase classname="com.bankguru.customer.EditCustomer" name="EC_15_PIN_Must_Have_6_Digits" time="0.232"/>
  <system-out>
    <![CDATA[[2023-08-21 20:28:02,228] Step 01 - Send key to PIN field value: 1234
<br>
[2023-08-21 20:28:02,357] Step 02 - Verify Error Message PIN displayed
<br>]]>
  </system-out>
  <testcase classname="com.bankguru.customer.EditCustomer" name="EC_17_TelePhone_Cannot_Be_Empty" time="0.212"/>
  <system-out>
    <![CDATA[[2023-08-21 20:28:02,696] Step 01 - Send key to TelePhone field value: ''
<br>
[2023-08-21 20:28:02,833] Step 02 - Verify Error Message TelePhone displayed
<br>]]>
  </system-out>
  <testcase classname="com.bankguru.customer.EditCustomer" name="EC_11_State_Cannot_Be_Special_Character" time="0.253"/>
  <system-out>
    <![CDATA[[2023-08-21 20:28:01,172] Step 01 - Send key to State field value: !@#$$$@!
<br>
[2023-08-21 20:28:01,303] Step 02 - Verify Error Message State displayed
<br>]]>
  </system-out>
  <testcase classname="com.bankguru.customer.EditCustomer" name="EC_13_PIN_Must_Be_Numeric" time="0.235"/>
  <system-out>
    <![CDATA[[2023-08-21 20:28:01,759] Step 01 - Send key to PIN field value: 1234AB
<br>
[2023-08-21 20:28:01,906] Step 02 - Verify Error Message PIN displayed
<br>]]>
  </system-out>
  <testcase classname="com.bankguru.customer.EditCustomer" name="EC_18_Email_Not_Be_Empty" time="0.247"/>
  <system-out>
    <![CDATA[[2023-08-21 20:28:02,910] Step 01 - Send key to Email field value: ''
<br>
[2023-08-21 20:28:03,075] Step 02 - Verify Error Message PIN displayed
<br>]]>
  </system-out>
  <testcase classname="com.bankguru.customer.EditCustomer" name="EC_16_TelePhone_Cannot_Be_Special_Character" time="0.231"/>
  <system-out>
    <![CDATA[[2023-08-21 20:28:02,463] Step 01 - Send key to TelePhone field value: !@#$$$@!
<br>
[2023-08-21 20:28:02,617] Step 02 - Verify Error Message TelePhone displayed
<br>]]>
  </system-out>
  <testcase classname="com.bankguru.customer.EditCustomer" name="EC_10_State_Cannot_Be_Numeric" time="0.202"/>
  <system-out>
    <![CDATA[[2023-08-21 20:28:00,968] Step 01 - Send key to State field value: 1234
<br>
[2023-08-21 20:28:01,097] Step 02 - Verify Error Message State displayed
<br>]]>
  </system-out>
  <testcase classname="com.bankguru.customer.EditCustomer" name="EC_12_PIN_Cannot_Be_Empty" time="0.329"/>
  <system-out>
    <![CDATA[[2023-08-21 20:28:01,429] Step 01 - Send key to PIN field value: 
<br>
[2023-08-21 20:28:01,636] Step 02 - Press Tab to navigate next field at State Field
<br>
[2023-08-21 20:28:01,681] Step 03 - Verify Error Message PIN displayed
<br>]]>
  </system-out>
  <testcase classname="com.bankguru.customer.EditCustomer" name="EC_14_PIN_Cannot_Be_Special_Character" time="0.231"/>
  <system-out>
    <![CDATA[[2023-08-21 20:28:01,996] Step 01 - Send key to PIN field value: !@#$$$@!
<br>
[2023-08-21 20:28:02,147] Step 02 - Verify Error Message PIN displayed
<br>]]>
  </system-out>
  <testcase classname="com.bankguru.customer.EditCustomer" name="EC_19_Email_invalid_format" time="0.214"/>
  <system-out>
    <![CDATA[[2023-08-21 20:28:03,159] Step 01 - Send key to TelePhone field value: guru99@gmail
<br>
[2023-08-21 20:28:03,275] Step 02 - Verify Error Message Email displayed
<br>]]>
  </system-out>
</testsuite> <!-- com.bankguru.customer.EditCustomer -->
